<?xml version="1.0" encoding="UTF-8"?>
<!-- Generated by org.testng.reporters.JUnitReportReporter -->
<testsuite hostname="VikasReddy" failures="0" tests="3" name="Problem_3and4.Problem3" time="0.095" errors="0" timestamp="2023-10-31T14:43:35 IST" skipped="0">
  <testcase classname="Problem_3and4.Problem3" name="logverify" time="0.028"/>
  <system-out/>
  <testcase classname="Problem_3and4.Problem3" name="verifyRequestDemoButton" time="0.033"/>
  <system-out/>
  <testcase classname="Problem_3and4.Problem3" name="verifyRequestDemoButtonIsClickableOrNot" time="0.034"/>
  <system-out/>
</testsuite> <!-- Problem_3and4.Problem3 -->
