<?xml version="1.0" encoding="UTF-8"?>
<!-- Generated by org.testng.reporters.JUnitReportReporter -->
<testsuite hostname="VikasReddy" failures="0" tests="5" name="Problem_3and4.Problem4" time="0.129" errors="0" timestamp="2023-10-31T14:43:35 IST" skipped="1">
  <testcase classname="Problem_3and4.Problem4" name="verifyProductLink" time="0.045"/>
  <system-out/>
  <testcase classname="Problem_3and4.Problem4" name="verifyBeyondrpaLink" time="0.036"/>
  <system-out/>
  <testcase classname="Problem_3and4.Problem4" name="verifyResoursesLink" time="0.023"/>
  <system-out/>
  <testcase classname="Problem_3and4.Problem4" name="verifyCompanyLink" time="0.025"/>
  <system-out/>
  <testcase classname="Problem_3and4.Problem4" name="verifySolutionLink">
    <skipped/>
  </testcase> <!-- verifySolutionLink -->
  <system-out/>
</testsuite> <!-- Problem_3and4.Problem4 -->
