<?xml version="1.0" encoding="UTF-8"?>
<!-- Generated by org.testng.reporters.JUnitReportReporter -->
<testsuite skipped="1" hostname="VikasReddy" name="Problem_3and4.Problem4" tests="5" failures="0" timestamp="2023-10-31T15:59:50 IST" time="0.176" errors="0">
  <testcase name="verifyProductLink" time="0.061" classname="Problem_3and4.Problem4"/>
  <system-out/>
  <testcase name="verifyBeyondrpaLink" time="0.041" classname="Problem_3and4.Problem4"/>
  <system-out/>
  <testcase name="verifyResoursesLink" time="0.036" classname="Problem_3and4.Problem4"/>
  <system-out/>
  <testcase name="verifyCompanyLink" time="0.038" classname="Problem_3and4.Problem4"/>
  <system-out/>
  <testcase name="verifySolutionLink" classname="Problem_3and4.Problem4">
    <skipped/>
  </testcase> <!-- verifySolutionLink -->
  <system-out/>
</testsuite> <!-- Problem_3and4.Problem4 -->
