<?xml version="1.0" encoding="UTF-8"?>
<!-- Generated by org.testng.reporters.JUnitReportReporter -->
<testsuite skipped="0" hostname="VikasReddy" name="Problem_3and4.Problem3" tests="3" failures="0" timestamp="2023-10-31T15:59:50 IST" time="0.091" errors="0">
  <testcase name="logverify" time="0.035" classname="Problem_3and4.Problem3"/>
  <system-out/>
  <testcase name="verifyRequestDemoButton" time="0.032" classname="Problem_3and4.Problem3"/>
  <system-out/>
  <testcase name="verifyRequestDemoButtonIsClickableOrNot" time="0.024" classname="Problem_3and4.Problem3"/>
  <system-out/>
</testsuite> <!-- Problem_3and4.Problem3 -->
